# JRE version: Java(TM) SE Runtime Environment (22.0.1+8) (build 22.0.1+8-16)
# Java VM: Java HotSpot(TM) 64-Bit Server VM (22.0.1+8-16, mixed mode, emulated-client, sharing, tiered, compressed oops, compressed class ptrs, g1 gc, windows-amd64)
GC Precious Log:
 CardTable entry size: 512
 Card Set container configuration: InlinePtr #cards 5 size 8 Array Of Cards #cards 12 size 40 Howl #buckets 4 coarsen threshold 1843 Howl Bitmap #cards 512 size 80 coarsen threshold 460 Card regions per heap region 1 cards per card region 2048
 CPUs: 8 total, 8 available
 Memory: 7413M
 Large Page Support: Disabled
 NUMA Support: Disabled
 Compressed Oops: Enabled (32-bit)
 Heap Region Size: 1M
 Heap Min Capacity: 8M
 Heap Initial Capacity: 116M
 Heap Max Capacity: 1854M
 Pre-touch: Disabled
 Parallel Workers: 8
 Concurrent Workers: 2
 Concurrent Refinement Workers: 8
 Periodic GC: Disabled
Heap:
 garbage-first heap   total reserved 1898496K, committed 68608K, used 36993K [0x000000008c200000, 0x0000000100000000)
  region size 1024K, 3 young (3072K), 2 survivors (2048K)
 Metaspace       used 74800K, committed 75520K, reserved 1114112K
  class space    used 11010K, committed 11328K, reserved 1048576K
GC Heap History (20 events):
Event: 8.824 GC heap before
{Heap before GC invocations=14 (full 0):
 garbage-first heap   total reserved 1898496K, committed 66560K, used 55749K [0x000000008c200000, 0x0000000100000000)
  region size 1024K, 32 young (32768K), 5 survivors (5120K)
 Metaspace       used 63595K, committed 64320K, reserved 1114112K
  class space    used 9417K, committed 9728K, reserved 1048576K
}
Event: 8.836 GC heap after
{Heap after GC invocations=15 (full 0):
 garbage-first heap   total reserved 1898496K, committed 66560K, used 31946K [0x000000008c200000, 0x0000000100000000)
  region size 1024K, 4 young (4096K), 4 survivors (4096K)
 Metaspace       used 63595K, committed 64320K, reserved 1114112K
  class space    used 9417K, committed 9728K, reserved 1048576K
}
Event: 9.027 GC heap before
{Heap before GC invocations=15 (full 0):
 garbage-first heap   total reserved 1898496K, committed 66560K, used 56522K [0x000000008c200000, 0x0000000100000000)
  region size 1024K, 29 young (29696K), 4 survivors (4096K)
 Metaspace       used 65034K, committed 65728K, reserved 1114112K
  class space    used 9618K, committed 9920K, reserved 1048576K
}
Event: 9.033 GC heap after
{Heap after GC invocations=16 (full 0):
 garbage-first heap   total reserved 1898496K, committed 66560K, used 33160K [0x000000008c200000, 0x0000000100000000)
  region size 1024K, 1 young (1024K), 1 survivors (1024K)
 Metaspace       used 65034K, committed 65728K, reserved 1114112K
  class space    used 9618K, committed 9920K, reserved 1048576K
}
Event: 9.375 GC heap before
{Heap before GC invocations=16 (full 0):
 garbage-first heap   total reserved 1898496K, committed 66560K, used 58760K [0x000000008c200000, 0x0000000100000000)
  region size 1024K, 26 young (26624K), 1 survivors (1024K)
 Metaspace       used 66241K, committed 66944K, reserved 1114112K
  class space    used 9798K, committed 10112K, reserved 1048576K
}
Event: 9.379 GC heap after
{Heap after GC invocations=17 (full 0):
 garbage-first heap   total reserved 1898496K, committed 66560K, used 34709K [0x000000008c200000, 0x0000000100000000)
  region size 1024K, 3 young (3072K), 3 survivors (3072K)
 Metaspace       used 66241K, committed 66944K, reserved 1114112K
  class space    used 9798K, committed 10112K, reserved 1048576K
}
Event: 13.283 GC heap before
{Heap before GC invocations=18 (full 0):
 garbage-first heap   total reserved 1898496K, committed 66560K, used 57237K [0x000000008c200000, 0x0000000100000000)
  region size 1024K, 26 young (26624K), 3 survivors (3072K)
 Metaspace       used 68632K, committed 69376K, reserved 1114112K
  class space    used 10169K, committed 10496K, reserved 1048576K
}
Event: 13.290 GC heap after
{Heap after GC invocations=19 (full 0):
 garbage-first heap   total reserved 1898496K, committed 66560K, used 35965K [0x000000008c200000, 0x0000000100000000)
  region size 1024K, 4 young (4096K), 4 survivors (4096K)
 Metaspace       used 68632K, committed 69376K, reserved 1114112K
  class space    used 10169K, committed 10496K, reserved 1048576K
}
Event: 20.879 GC heap before
{Heap before GC invocations=19 (full 0):
 garbage-first heap   total reserved 1898496K, committed 66560K, used 56445K [0x000000008c200000, 0x0000000100000000)
  region size 1024K, 25 young (25600K), 4 survivors (4096K)
 Metaspace       used 73171K, committed 73920K, reserved 1114112K
  class space    used 10793K, committed 11136K, reserved 1048576K
}
Event: 20.890 GC heap after
{Heap after GC invocations=20 (full 0):
 garbage-first heap   total reserved 1898496K, committed 66560K, used 37686K [0x000000008c200000, 0x0000000100000000)
  region size 1024K, 3 young (3072K), 3 survivors (3072K)
 Metaspace       used 73171K, committed 73920K, reserved 1114112K
  class space    used 10793K, committed 11136K, reserved 1048576K
}
Event: 312.106 GC heap before
{Heap before GC invocations=20 (full 0):
 garbage-first heap   total reserved 1898496K, committed 66560K, used 58166K [0x000000008c200000, 0x0000000100000000)
  region size 1024K, 23 young (23552K), 3 survivors (3072K)
 Metaspace       used 74532K, committed 75264K, reserved 1114112K
  class space    used 10995K, committed 11328K, reserved 1048576K
}
Event: 312.116 GC heap after
{Heap after GC invocations=21 (full 0):
 garbage-first heap   total reserved 1898496K, committed 66560K, used 38501K [0x000000008c200000, 0x0000000100000000)
  region size 1024K, 1 young (1024K), 1 survivors (1024K)
 Metaspace       used 74532K, committed 75264K, reserved 1114112K
  class space    used 10995K, committed 11328K, reserved 1048576K
}
Event: 814.286 GC heap before
{Heap before GC invocations=22 (full 0):
 garbage-first heap   total reserved 1898496K, committed 66560K, used 60005K [0x000000008c200000, 0x0000000100000000)
  region size 1024K, 22 young (22528K), 1 survivors (1024K)
 Metaspace       used 74229K, committed 75264K, reserved 1114112K
  class space    used 10910K, committed 11328K, reserved 1048576K
}
Event: 814.292 GC heap after
{Heap after GC invocations=23 (full 0):
 garbage-first heap   total reserved 1898496K, committed 66560K, used 38361K [0x000000008c200000, 0x0000000100000000)
  region size 1024K, 1 young (1024K), 1 survivors (1024K)
 Metaspace       used 74229K, committed 75264K, reserved 1114112K
  class space    used 10910K, committed 11328K, reserved 1048576K
}
Event: 3770.371 GC heap before
{Heap before GC invocations=23 (full 0):
 garbage-first heap   total reserved 1898496K, committed 66560K, used 60889K [0x000000008c200000, 0x0000000100000000)
  region size 1024K, 23 young (23552K), 1 survivors (1024K)
 Metaspace       used 74262K, committed 75328K, reserved 1114112K
  class space    used 10918K, committed 11328K, reserved 1048576K
}
Event: 3770.441 GC heap after
{Heap after GC invocations=24 (full 0):
 garbage-first heap   total reserved 1898496K, committed 68608K, used 36715K [0x000000008c200000, 0x0000000100000000)
  region size 1024K, 2 young (2048K), 2 survivors (2048K)
 Metaspace       used 74262K, committed 75328K, reserved 1114112K
  class space    used 10918K, committed 11328K, reserved 1048576K
}
Event: 4331.195 GC heap before
{Heap before GC invocations=24 (full 0):
 garbage-first heap   total reserved 1898496K, committed 68608K, used 61291K [0x000000008c200000, 0x0000000100000000)
  region size 1024K, 26 young (26624K), 2 survivors (2048K)
 Metaspace       used 74263K, committed 75328K, reserved 1114112K
  class space    used 10918K, committed 11328K, reserved 1048576K
}
Event: 4331.207 GC heap after
{Heap after GC invocations=25 (full 0):
 garbage-first heap   total reserved 1898496K, committed 68608K, used 36240K [0x000000008c200000, 0x0000000100000000)
  region size 1024K, 2 young (2048K), 2 survivors (2048K)
 Metaspace       used 74263K, committed 75328K, reserved 1114112K
  class space    used 10918K, committed 11328K, reserved 1048576K
}
Event: 4776.643 GC heap before
{Heap before GC invocations=25 (full 0):
 garbage-first heap   total reserved 1898496K, committed 68608K, used 59792K [0x000000008c200000, 0x0000000100000000)
  region size 1024K, 26 young (26624K), 2 survivors (2048K)
 Metaspace       used 74800K, committed 75520K, reserved 1114112K
  class space    used 11010K, committed 11328K, reserved 1048576K
}
Event: 4776.654 GC heap after
{Heap after GC invocations=26 (full 0):
 garbage-first heap   total reserved 1898496K, committed 68608K, used 36993K [0x000000008c200000, 0x0000000100000000)
  region size 1024K, 2 young (2048K), 2 survivors (2048K)
 Metaspace       used 74800K, committed 75520K, reserved 1114112K
  class space    used 11010K, committed 11328K, reserved 1048576K
}

